<?xml version="1.0" encoding="UTF-8"?>
<!-- Generated by org.testng.reporters.JUnitReportReporter -->
<testsuite hostname="Shwetha" failures="0" tests="1" name="script.Test3" time="18.338" errors="0" timestamp="2023-06-22T21:54:21 IST" skipped="0">
  <testcase classname="script.Test3" name="test3" time="18.338">
    <system-out>
      <![CDATA[test1...]]>
    </system-out>
  </testcase> <!-- test3 -->
  <system-out>
    <![CDATA[test1...
test1...
test1...]]>
  </system-out>
</testsuite> <!-- script.Test3 -->
